This is pdfTeX, Version 3.141592653-2.6-1.40.28 (MiKTeX 25.12) (preloaded format=pdflatex 2026.1.14)  14 JAN 2026 11:27
entering extended mode
 restricted \write18 enabled.
 %&-line parsing enabled.
**./resume.tex
(resume.tex
LaTeX2e <2025-11-01>
L3 programming layer <2025-12-24>
(E:\Programs\tex/latex/base\article.cls
Document Class: article 2025/01/22 v1.4n Standard LaTeX document class
(E:\Programs\tex/latex/base\size11.clo
File: size11.clo 2025/01/22 v1.4n Standard LaTeX file (size option)
)
\c@part=\count275
\c@section=\count276
\c@subsection=\count277
\c@subsubsection=\count278
\c@paragraph=\count279
\c@subparagraph=\count280
\c@figure=\count281
\c@table=\count282
\abovecaptionskip=\skip49
\belowcaptionskip=\skip50
\bibindent=\dimen148
) (particulars.tex (utilities.tex
(C:\Users\piyus\AppData\Roaming\MiKTeX\tex/latex/forarray\forarray.sty
Package: forarray 2008/06/20 Version 1.01 -- Using array structures in LaTeX
\fe@toks=\toks17
\fe@level=\count283
\fe@cnt@i=\count284
\fe@cnt@ii=\count285
\thislevelcount=\count286
\thislevelnr=\count287
))
(E:\Programs\tex/latex/blindtext\blindtext.sty
Package: blindtext 2012/01/06 V2.0 blindtext-Package

(E:\Programs\tex/latex/tools\xspace.sty
Package: xspace 2014/10/28 v1.13 Space after command names (DPC,MH)
)
\c@blindtext=\count288
\c@Blindtext=\count289
\c@blind@countparstart=\count290
\blind@countxx=\count291
\blindtext@numBlindtext=\count292
\blind@countyy=\count293
\c@blindlist=\count294
\c@blindlistlevel=\count295
\c@blindlist@level=\count296
\blind@listitem=\count297
\c@blind@listcount=\count298
\c@blind@levelcount=\count299
\blind@mathformula=\count300
\blind@Mathformula=\count301
\c@blind@randomcount=\count302
\c@blind@randommax=\count303
\c@blind@pangramcount=\count304
\c@blind@pangrammax=\count305
)
(C:\Users\piyus\AppData\Roaming\MiKTeX\tex/latex/lipsum\lipsum.sty
(E:\Programs\tex/latex/l3packages/l3keys2e\l3keys2e.sty
(E:\Programs\tex/latex/l3kernel\expl3.sty
Package: expl3 2025-12-24 L3 programming layer (loader) 

(E:\Programs\tex/latex/l3backend\l3backend-pdftex.def
File: l3backend-pdftex.def 2025-10-09 L3 backend support: PDF output (pdfTeX)
\l__color_backend_stack_int=\count306
))
Package: l3keys2e 2025-10-09 LaTeX2e option processing using LaTeX3 keys
)
Package: lipsum 2021-09-20 v2.7 150 paragraphs of Lorem Ipsum dummy text
\g__lipsum_par_int=\count307
\l__lipsum_a_int=\count308
\l__lipsum_b_int=\count309

(C:\Users\piyus\AppData\Roaming\MiKTeX\tex/latex/lipsum\lipsum.ltd.tex))
\fe@count@abs@i=\count310

Content of \College@Start is set to {Jul 2001}.
Content of \College@End is set to {Jul 2001}.
Content of \College@School is set to {ABC college }.
Content of \College@Course is set to {Loren ipsum degree}.
Content of \College@Stream is set to {Loren ipsum}.
Content of \RBCCM@Start is set to {Nov 1005}.
Content of \RBCCM@End is set to {Present}.
Content of \RBCCM@Designation is set to {\lrand [1]}.
Content of \RBCCM@Company is set to {\lrand [1]}.
Content of \RBCCM@Location is set to {\lrand [1]}.
Content of \RBCCM@Highlights is set to { \jbegin \jitem {\lrand [2]} \jitem {\l
rand [1]} \jitem {\lrand [3]} \jitem {\lrand [5]} \jend }.
Content of \DivPF@Start is set to {Nov 1005}.
Content of \DivPF@End is set to {Present}.
Content of \DivPF@Designation is set to {\lrand [1]}.
Content of \DivPF@Company is set to {\lrand [1]}.
Content of \DivPF@Location is set to {\lrand [1]}.
Content of \DivPF@Highlights is set to { \jbegin \jitem {\lrand [2]} \jitem {\l
rand [1]} \jitem {\lrand [7]} \jend }.
Content of \GS@Start is set to {Nov 1005}.
Content of \GS@End is set to {Present}.
Content of \GS@Designation is set to {\lrand [1]}.
Content of \GS@Company is set to {\lrand [1]}.
Content of \GS@Location is set to {\lrand [1]}.
Content of \GS@Highlights is set to { \jbegin \jitem {\lrand [2]} \jitem {\lran
d [1]} \jitem {\lrand [7]} \jend }.
Content of \Rivigo@Start is set to {Nov 1005}.
Content of \Rivigo@End is set to {Present}.
Content of \Rivigo@Designation is set to {\lrand [1]}.
Content of \Rivigo@Company is set to {\lrand [1]}.
Content of \Rivigo@Location is set to {\lrand [1]}.
Content of \Rivigo@Highlights is set to { \jbegin \jitem {\lrand [2]} \jitem {\
lrand [1]} \jitem {\lrand [7]} \jend }.
Content of \Amex@Start is set to {Nov 1005}.
Content of \Amex@End is set to {Present}.
Content of \Amex@Designation is set to {\lrand [1]}.
Content of \Amex@Company is set to {\lrand [1]}.
Content of \Amex@Location is set to {\lrand [1]}.
Content of \Amex@Highlights is set to { \jbegin \jitem {\lrand [2]} \jitem {\lr
and [1]} \jitem {\lrand [7]} \jend }.
Content of \HackCIMDGS@Date is set to {2019}.
Content of \HackCIMDGS@Title is set to {\lrand [1]}.
Content of \HackCIMDGS@Position is set to {\lrand [3]}.
Content of \HackCIMDGS@Highlights is set to {\jbegin \jitem {\lrand [27]} \jite
m { \lrand [28]} \jend }.
Content of \HackWInfy@Date is set to {2019}.
Content of \HackWInfy@Title is set to {\lrand [1]}.
Content of \HackWInfy@Position is set to {\lrand [3]}.
Content of \HackWInfy@Highlights is set to {\jbegin \jitem {\lrand [27]} \jitem
 { \lrand [28]} \jitem { \lrand [30]} \jend }.
Content of \i3wm@Date is set to {}.
Content of \i3wm@Title is set to {\lrand [1]}.
Content of \i3wm@Position is set to {\lrand [2]}.
Content of \i3wm@Highlights is set to {\jbegin \item {\lrand [20]{}} \item {\lr
and [30]} \item {\lrand [2]} \jend }.
Content of \TrdSigGen@Date is set to {}.
Content of \TrdSigGen@Title is set to {\lrand [1]}.
Content of \TrdSigGen@Position is set to {\lrand [2]}.
Content of \TrdSigGen@Highlights is set to {\jbegin \item {\lrand [20]{}} \item
 {\lrand [30]} \item {\lrand [2]} \jend }.
) (E:\Programs\tex/latex/base\latexsym.sty
Package: latexsym 1998/08/17 v2.2e Standard LaTeX package (lasy symbols)
\symlasy=\mathgroup4
LaTeX Font Info:    Overwriting symbol font `lasy' in version `bold'
(Font)                  U/lasy/m/n --> U/lasy/b/n on input line 52.
)
(C:\Users\piyus\AppData\Roaming\MiKTeX\tex/latex/preprint\fullpage.sty
Package: fullpage 1999/02/23 1.1 (PWD)
\FP@margin=\skip51
)
(C:\Users\piyus\AppData\Roaming\MiKTeX\tex/latex/titlesec\titlesec.sty
Package: titlesec 2025/01/04 v2.17 Sectioning titles
\ttl@box=\box53
\beforetitleunit=\skip52
\aftertitleunit=\skip53
\ttl@plus=\dimen149
\ttl@minus=\dimen150
\ttl@toksa=\toks18
\titlewidth=\dimen151
\titlewidthlast=\dimen152
\titlewidthfirst=\dimen153
)
(C:\Users\piyus\AppData\Roaming\MiKTeX\tex/latex/marvosym\marvosym.sty
Package: marvosym 2011/07/20 v2.2 Martin Vogel's Symbols font definitions
)
(E:\Programs\tex/latex/graphics\color.sty
Package: color 2025/01/14 v1.3e Standard LaTeX Color (DPC)

(E:\Programs\tex/latex/graphics-cfg\color.cfg
File: color.cfg 2016/01/02 v1.6 sample color configuration
)
Package color Info: Driver file: pdftex.def on input line 149.

(E:\Programs\tex/latex/graphics-def\pdftex.def
File: pdftex.def 2025/09/29 v1.2d Graphics/color driver for pdftex
)
(E:\Programs\tex/latex/graphics\dvipsnam.def
File: dvipsnam.def 2016/06/17 v3.0m Driver-dependent file (DPC,SPQR)
)
(E:\Programs\tex/latex/graphics\mathcolor.ltx))
(E:\Programs\tex/latex/tools\verbatim.sty
Package: verbatim 2024-01-22 v1.5x LaTeX2e package for verbatim enhancements
\every@verbatim=\toks19
\verbatim@line=\toks20
\verbatim@in@stream=\read2
)
(C:\Users\piyus\AppData\Roaming\MiKTeX\tex/latex/enumitem\enumitem.sty
Package: enumitem 2025/02/06 v3.11 Customized lists
\enitkv@toks@=\toks21
\labelindent=\skip54
\enit@outerparindent=\dimen154
\enit@toks=\toks22
\enit@inbox=\box54
\enit@count@id=\count311
\enitdp@description=\count312
)
(E:\Programs\tex/latex/hyperref\hyperref.sty
Package: hyperref 2025-07-12 v7.01o Hypertext links for LaTeX

(E:\Programs\tex/generic/iftex\iftex.sty
Package: iftex 2024/12/12 v1.0g TeX engine tests
)
(E:\Programs\tex/latex/graphics\keyval.sty
Package: keyval 2022/05/29 v1.15 key=value parser (DPC)
\KV@toks@=\toks23
)
(C:\Users\piyus\AppData\Roaming\MiKTeX\tex/latex/kvsetkeys\kvsetkeys.sty
Package: kvsetkeys 2022-10-05 v1.19 Key value parser (HO)
)
(C:\Users\piyus\AppData\Roaming\MiKTeX\tex/generic/kvdefinekeys\kvdefinekeys.st
y
Package: kvdefinekeys 2019-12-19 v1.6 Define keys (HO)
) (C:\Users\piyus\AppData\Roaming\MiKTeX\tex/generic/pdfescape\pdfescape.sty
Package: pdfescape 2019/12/09 v1.15 Implements pdfTeX's escape features (HO)

(C:\Users\piyus\AppData\Roaming\MiKTeX\tex/generic/ltxcmds\ltxcmds.sty
Package: ltxcmds 2023-12-04 v1.26 LaTeX kernel commands for general use (HO)
)
(E:\Programs\tex/generic/pdftexcmds\pdftexcmds.sty
Package: pdftexcmds 2020-06-27 v0.33 Utility functions of pdfTeX for LuaTeX (HO
)

(C:\Users\piyus\AppData\Roaming\MiKTeX\tex/generic/infwarerr\infwarerr.sty
Package: infwarerr 2019/12/03 v1.5 Providing info/warning/error messages (HO)
)
Package pdftexcmds Info: \pdf@primitive is available.
Package pdftexcmds Info: \pdf@ifprimitive is available.
Package pdftexcmds Info: \pdfdraftmode found.
))
(C:\Users\piyus\AppData\Roaming\MiKTeX\tex/latex/hycolor\hycolor.sty
Package: hycolor 2020-01-27 v1.10 Color options for hyperref/bookmark (HO)
)
(E:\Programs\tex/latex/hyperref\nameref.sty
Package: nameref 2025-06-21 v2.57 Cross-referencing by name of section

(C:\Users\piyus\AppData\Roaming\MiKTeX\tex/latex/refcount\refcount.sty
Package: refcount 2019/12/15 v3.6 Data extraction from label references (HO)
)
(C:\Users\piyus\AppData\Roaming\MiKTeX\tex/generic/gettitlestring\gettitlestrin
g.sty
Package: gettitlestring 2019/12/15 v1.6 Cleanup title references (HO)
 (C:\Users\piyus\AppData\Roaming\MiKTeX\tex/latex/kvoptions\kvoptions.sty
Package: kvoptions 2022-06-15 v3.15 Key value format for package options (HO)
))
\c@section@level=\count313
) (E:\Programs\tex/latex/etoolbox\etoolbox.sty
Package: etoolbox 2025/10/02 v2.5m e-TeX tools for LaTeX (JAW)
\etb@tempcnta=\count314
)
(C:\Users\piyus\AppData\Roaming\MiKTeX\tex/generic/stringenc\stringenc.sty
Package: stringenc 2019/11/29 v1.12 Convert strings between diff. encodings (HO
)
)
\@linkdim=\dimen155
\Hy@linkcounter=\count315
\Hy@pagecounter=\count316

(E:\Programs\tex/latex/hyperref\pd1enc.def
File: pd1enc.def 2025-07-12 v7.01o Hyperref: PDFDocEncoding definition (HO)
Now handling font encoding PD1 ...
... no UTF-8 mapping file for font encoding PD1
)
(C:\Users\piyus\AppData\Roaming\MiKTeX\tex/generic/intcalc\intcalc.sty
Package: intcalc 2019/12/15 v1.3 Expandable calculations with integers (HO)
)
\Hy@SavedSpaceFactor=\count317

(E:\Programs\tex/latex/hyperref\puenc.def
File: puenc.def 2025-07-12 v7.01o Hyperref: PDF Unicode definition (HO)
Now handling font encoding PU ...
... no UTF-8 mapping file for font encoding PU
)
Package hyperref Info: Hyper figures OFF on input line 4195.
Package hyperref Info: Link nesting OFF on input line 4200.
Package hyperref Info: Hyper index ON on input line 4203.
Package hyperref Info: Plain pages OFF on input line 4210.
Package hyperref Info: Backreferencing OFF on input line 4215.
Package hyperref Info: Implicit mode ON; LaTeX internals redefined.
Package hyperref Info: Bookmarks ON on input line 4462.
\c@Hy@tempcnt=\count318
 (E:\Programs\tex/latex/url\url.sty
\Urlmuskip=\muskip17
Package: url 2013/09/16  ver 3.4  Verb mode for urls, etc.
)
LaTeX Info: Redefining \url on input line 4801.
\XeTeXLinkMargin=\dimen156

(C:\Users\piyus\AppData\Roaming\MiKTeX\tex/generic/bitset\bitset.sty
Package: bitset 2019/12/09 v1.3 Handle bit-vector datatype (HO)

(C:\Users\piyus\AppData\Roaming\MiKTeX\tex/generic/bigintcalc\bigintcalc.sty
Package: bigintcalc 2019/12/15 v1.5 Expandable calculations on big integers (HO
)
))
\Fld@menulength=\count319
\Field@Width=\dimen157
\Fld@charsize=\dimen158
Package hyperref Info: Hyper figures OFF on input line 6078.
Package hyperref Info: Link nesting OFF on input line 6083.
Package hyperref Info: Hyper index ON on input line 6086.
Package hyperref Info: backreferencing OFF on input line 6093.
Package hyperref Info: Link coloring OFF on input line 6098.
Package hyperref Info: Link coloring with OCG OFF on input line 6103.
Package hyperref Info: PDF/A mode OFF on input line 6108.
\Hy@abspage=\count320
\c@Item=\count321
\c@Hfootnote=\count322
)
Package hyperref Info: Driver (autodetected): hpdftex.
(E:\Programs\tex/latex/hyperref\hpdftex.def
File: hpdftex.def 2025-07-12 v7.01o Hyperref driver for pdfTeX
\Fld@listcount=\count323
\c@bookmark@seq@number=\count324

(C:\Users\piyus\AppData\Roaming\MiKTeX\tex/latex/rerunfilecheck\rerunfilecheck.
sty
Package: rerunfilecheck 2025-06-21 v1.11 Rerun checks for auxiliary files (HO)

(C:\Users\piyus\AppData\Roaming\MiKTeX\tex/generic/uniquecounter\uniquecounter.
sty
Package: uniquecounter 2019/12/15 v1.4 Provide unlimited unique counter (HO)
)
Package uniquecounter Info: New unique counter `rerunfilecheck' on input line 2
84.
)
\Hy@SectionHShift=\skip55
) (C:\Users\piyus\AppData\Roaming\MiKTeX\tex/latex/fancyhdr\fancyhdr.sty
Package: fancyhdr 2025/02/07 v5.2 Extensive control of page headers and footers

\f@nch@headwidth=\skip56
\f@nch@offset@elh=\skip57
\f@nch@offset@erh=\skip58
\f@nch@offset@olh=\skip59
\f@nch@offset@orh=\skip60
\f@nch@offset@elf=\skip61
\f@nch@offset@erf=\skip62
\f@nch@offset@olf=\skip63
\f@nch@offset@orf=\skip64
\f@nch@height=\skip65
\f@nch@footalignment=\skip66
\f@nch@widthL=\skip67
\f@nch@widthC=\skip68
\f@nch@widthR=\skip69
\@temptokenb=\toks24
)
(E:\Programs\tex/generic/babel\babel.sty
Package: babel 2025/12/11 v25.17 The multilingual framework for LuaLaTeX, pdfLa
TeX and XeLaTeX
\babel@savecnt=\count325
LaTeX Encoding Info:    Redeclaring text command \ij (encoding OT1) on input li
ne 2068.
LaTeX Encoding Info:    Redeclaring text command \IJ (encoding OT1) on input li
ne 2070.
LaTeX Encoding Info:    Redeclaring text command \ij (encoding T1) on input lin
e 2072.
LaTeX Encoding Info:    Redeclaring text command \IJ (encoding T1) on input lin
e 2073.
LaTeX Encoding Info:    Ignoring declaration for text command \ij (encoding ?) 
on input line 2074.
LaTeX Encoding Info:    Ignoring declaration for text command \IJ (encoding ?) 
on input line 2076.
LaTeX Encoding Info:    Ignoring declaration for text command \SS (encoding ?) 
on input line 2101.
\U@D=\dimen159
\l@unhyphenated=\language79

(E:\Programs\tex/generic/babel\txtbabel.def)
\bbl@readstream=\read3
\bbl@dirlevel=\count326
Package babel Info: Configuration files are deprecated, as
(babel)             they can break document portability.
(babel)             Reported on input line 4196.

*************************************
* Local config file bblopts.cfg used
*
(E:\Programs\tex/latex/arabi\bblopts.cfg
File: bblopts.cfg 2005/09/08 v0.1 add Arabic and Farsi to "declared" options of
 babel
)
(E:\Programs\tex/generic/babel/locale/en\babel-english.tex)
Package babel Info: Importing font and identification data for english
(babel)             from babel-en.ini. Reported on input line 4320.

(E:\Programs\tex/latex/babel-english\english.ldf
Language: english 2017/06/06 v3.3r English support from the babel system
Package babel Info: Hyphen rules for 'canadian' set to \l@english
(babel)             (\language0). Reported on input line 102.
Package babel Info: Hyphen rules for 'australian' set to \l@ukenglish
(babel)             (\language73). Reported on input line 105.
Package babel Info: Hyphen rules for 'newzealand' set to \l@ukenglish
(babel)             (\language73). Reported on input line 108.
))
(E:\Programs\tex/latex/tools\tabularx.sty
Package: tabularx 2023/12/11 v2.12a `tabularx' package (DPC)

(E:\Programs\tex/latex/tools\array.sty
Package: array 2025/09/25 v2.6n Tabular extension package (FMi)
\col@sep=\dimen160
\ar@mcellbox=\box55
\extrarowheight=\dimen161
\NC@list=\toks25
\extratabsurround=\skip70
\backup@length=\skip71
\ar@cellbox=\box56
)
\TX@col@width=\dimen162
\TX@old@table=\dimen163
\TX@old@col=\dimen164
\TX@target=\dimen165
\TX@delta=\dimen166
\TX@cols=\count327
\TX@ftn=\toks26
)
(C:\Users\piyus\AppData\Roaming\MiKTeX\tex/latex/fontawesome5\fontawesome5.sty
Package: fontawesome5 2022/05/02 v5.15.4 Font Awesome 5

(E:\Programs\tex/latex/l3packages/xparse\xparse.sty
Package: xparse 2025-10-09 L3 Experimental document command parser
)
(C:\Users\piyus\AppData\Roaming\MiKTeX\tex/latex/fontawesome5\fontawesome5-gene
ric-helper.sty
Package: fontawesome5-generic-helper 2022/05/02 v5.15.4 non-uTeX helper for fon
tawesome5

(C:\Users\piyus\AppData\Roaming\MiKTeX\tex/latex/fontawesome5\fontawesome5-mapp
ing.def))) (E:\Programs\tex/latex/tools\multicol.sty
Package: multicol 2025/10/21 v2.0b multicolumn formatting (FMi)
\c@tracingmulticols=\count328
\mult@box=\box57
\multicol@leftmargin=\dimen167
\c@unbalance=\count329
\c@collectmore=\count330
\doublecol@number=\count331
\multicoltolerance=\count332
\multicolpretolerance=\count333
\full@width=\dimen168
\page@free=\dimen169
\premulticols=\dimen170
\postmulticols=\dimen171
\multicolsep=\skip72
\multicolbaselineskip=\skip73
\partial@page=\box58
\last@line=\box59
\mc@boxedresult=\box60
\maxbalancingoverflow=\dimen172
\mult@rightbox=\box61
\mult@grightbox=\box62
\mult@firstbox=\box63
\mult@gfirstbox=\box64
\@tempa=\box65
\@tempa=\box66
\@tempa=\box67
\@tempa=\box68
\@tempa=\box69
\@tempa=\box70
\@tempa=\box71
\@tempa=\box72
\@tempa=\box73
\@tempa=\box74
\@tempa=\box75
\@tempa=\box76
\@tempa=\box77
\@tempa=\box78
\@tempa=\box79
\@tempa=\box80
\@tempa=\box81
\@tempa=\box82
\@tempa=\box83
\@tempa=\box84
\@tempa=\box85
\@tempa=\box86
\@tempa=\box87
\@tempa=\box88
\@tempa=\box89
\@tempa=\box90
\@tempa=\box91
\@tempa=\box92
\@tempa=\box93
\@tempa=\box94
\@tempa=\box95
\@tempa=\box96
\@tempa=\box97
\@tempa=\box98
\@tempa=\box99
\@tempa=\box100
\c@minrows=\count334
\c@columnbadness=\count335
\c@finalcolumnbadness=\count336
\last@try=\dimen173
\multicolovershoot=\dimen174
\multicolundershoot=\dimen175
\mult@nat@firstbox=\box101
\colbreak@box=\box102
\mc@col@check@num=\count337
\g__mc_curr_col_int=\count338
)
(E:\Programs\tex/generic/pdftex\glyphtounicode.tex) (resume.aux)
\openout1 = `resume.aux'.

LaTeX Font Info:    Checking defaults for OML/cmm/m/it on input line 129.
LaTeX Font Info:    ... okay on input line 129.
LaTeX Font Info:    Checking defaults for OMS/cmsy/m/n on input line 129.
LaTeX Font Info:    ... okay on input line 129.
LaTeX Font Info:    Checking defaults for OT1/cmr/m/n on input line 129.
LaTeX Font Info:    ... okay on input line 129.
LaTeX Font Info:    Checking defaults for T1/cmr/m/n on input line 129.
LaTeX Font Info:    ... okay on input line 129.
LaTeX Font Info:    Checking defaults for TS1/cmr/m/n on input line 129.
LaTeX Font Info:    ... okay on input line 129.
LaTeX Font Info:    Checking defaults for OMX/cmex/m/n on input line 129.
LaTeX Font Info:    ... okay on input line 129.
LaTeX Font Info:    Checking defaults for U/cmr/m/n on input line 129.
LaTeX Font Info:    ... okay on input line 129.
LaTeX Font Info:    Checking defaults for PD1/pdf/m/n on input line 129.
LaTeX Font Info:    ... okay on input line 129.
LaTeX Font Info:    Checking defaults for PU/pdf/m/n on input line 129.
LaTeX Font Info:    ... okay on input line 129.

(E:\Programs\tex/context/base/mkii\supp-pdf.mkii
[Loading MPS to PDF converter (version 2006.09.02).]
\scratchcounter=\count339
\scratchdimen=\dimen176
\scratchbox=\box103
\nofMPsegments=\count340
\nofMParguments=\count341
\everyMPshowfont=\toks27
\MPscratchCnt=\count342
\MPscratchDim=\dimen177
\MPnumerator=\count343
\makeMPintoPDFobject=\count344
\everyMPtoPDFconversion=\toks28
)
Package hyperref Info: Link coloring OFF on input line 129.
 (resume.out) (resume.out)
\@outlinefile=\write3
\openout3 = `resume.out'.

LaTeX Font Info:    Trying to load font information for U+fontawesomefree2 on i
nput line 130.

(C:\Users\piyus\AppData\Roaming\MiKTeX\tex/latex/fontawesome5\ufontawesomefree2
.fd)
LaTeX Font Info:    Trying to load font information for U+fontawesomefree1 on i
nput line 130.

(C:\Users\piyus\AppData\Roaming\MiKTeX\tex/latex/fontawesome5\ufontawesomefree1
.fd)
LaTeX Font Info:    External font `cmex10' loaded for size
(Font)              <7> on input line 130.
LaTeX Font Info:    External font `cmex10' loaded for size
(Font)              <5> on input line 130.
LaTeX Font Info:    Trying to load font information for U+lasy on input line 13
0.
 (E:\Programs\tex/latex/base\ulasy.fd
File: ulasy.fd 1998/08/17 v2.2e LaTeX symbol font definitions
)
LaTeX Font Info:    Trying to load font information for U+fontawesomebrands0 on
 input line 130.

(C:\Users\piyus\AppData\Roaming\MiKTeX\tex/latex/fontawesome5\ufontawesomebrand
s0.fd)
LaTeX Font Info:    Font shape `U/fontawesomebrands0/solid/n' in size <10> not 
available
(Font)              Font shape `U/fontawesomebrands0/regular/n' tried instead o
n input line 130.
LaTeX Font Info:    Trying to load font information for U+fontawesomefree0 on i
nput line 130.

(C:\Users\piyus\AppData\Roaming\MiKTeX\tex/latex/fontawesome5\ufontawesomefree0
.fd)

LaTeX Font Warning: Font shape `OT1/cmr/bx/sc' undefined
(Font)              using `OT1/cmr/bx/n' instead on input line 134.

LaTeX Font Info:    External font `cmex10' loaded for size
(Font)              <10.95> on input line 140.
LaTeX Font Info:    External font `cmex10' loaded for size
(Font)              <8> on input line 140.
LaTeX Font Info:    External font `cmex10' loaded for size
(Font)              <6> on input line 140.

Overfull \hbox (0.55968pt too wide) in paragraph at lines 173--174
[] 
 []


Overfull \hbox (0.55968pt too wide) in paragraph at lines 190--191
[] 
 []


Package fancyhdr Warning: \footskip is too small (0.0pt): 
(fancyhdr)                Make it at least 4.08003pt, for example:
(fancyhdr)                \setlength{\footskip}{4.08003pt}.

[1

{C:/Users/piyus/AppData/Local/MiKTeX/fonts/map/pdftex/pdftex.map}{C:/Users/piyu
s/AppData/Roaming/MiKTeX/fonts/enc/dvips/fontawesome5/fa5free2.enc}{C:/Users/pi
yus/AppData/Roaming/MiKTeX/fonts/enc/dvips/fontawesome5/fa5free1.enc}{C:/Users/
piyus/AppData/Roaming/MiKTeX/fonts/enc/dvips/fontawesome5/fa5brands0.enc}{C:/Us
ers/piyus/AppData/Roaming/MiKTeX/fonts/enc/dvips/fontawesome5/fa5free0.enc}]
(resume.aux)
 ***********
LaTeX2e <2025-11-01>
L3 programming layer <2025-12-24>
 ***********


LaTeX Font Warning: Some font shapes were not available, defaults substituted.

Package rerunfilecheck Info: File `resume.out' has not changed.
(rerunfilecheck)             Checksum: FF9E18C51250E421B3B097F4C463FD53;720.
 ) 
Here is how much of TeX's memory you used:
 15077 strings out of 467871
 260979 string characters out of 5434249
 785682 words of memory out of 5000000
 43767 multiletter control sequences out of 15000+600000
 635158 words of font info for 68 fonts, out of 8000000 for 9000
 1141 hyphenation exceptions out of 8191
 78i,11n,80p,301b,465s stack positions out of 10000i,1000n,20000p,200000b,200000s
<C:/Users/piyus/AppData/Roaming/MiKTeX/fonts/type1/public/fontawesome5/FontAw
esome5Brands-Regular.pfb><C:/Users/piyus/AppData/Roaming/MiKTeX/fonts/type1/pub
lic/fontawesome5/FontAwesome5Free-Solid.pfb><E:/Programs/fonts/type1/public/ams
fonts/cm/cmbx10.pfb><E:/Programs/fonts/type1/public/amsfonts/cm/cmbx12.pfb><E:/
Programs/fonts/type1/public/amsfonts/cm/cmcsc10.pfb><E:/Programs/fonts/type1/pu
blic/amsfonts/cm/cmr10.pfb><E:/Programs/fonts/type1/public/amsfonts/cm/cmsy10.p
fb><E:/Programs/fonts/type1/public/amsfonts/cm/cmsy6.pfb><E:/Programs/fonts/typ
e1/public/amsfonts/cm/cmti10.pfb>
Output written on resume.pdf (1 page, 159584 bytes).
PDF statistics:
 100 PDF objects out of 1000 (max. 8388607)
 8 named destinations out of 1000 (max. 500000)
 49 words of extra memory for PDF output out of 10000 (max. 10000000)

